[17-Jul-2016 03:56:42 UTC] PHP Warning:  mysql_connect(): Access denied for user 'root'@'localhost' (using password: NO) in /home/shutterir/domains/iranshutterstock.ir/public_html/wp-includes/wp-db.php on line 1520
[17-Jul-2016 04:00:19 UTC] PHP Notice:  Undefined index:  in /home/shutterir/domains/iranshutterstock.ir/public_html/wp-content/plugins/msh_photo_meta/Classes/MSH_Ajax_Handler.php on line 55
[17-Jul-2016 04:00:19 UTC] PHP Notice:  Undefined index:  in /home/shutterir/domains/iranshutterstock.ir/public_html/wp-content/plugins/msh_photo_meta/Classes/MSH_Ajax_Handler.php on line 55
[17-Jul-2016 04:00:19 UTC] PHP Notice:  Undefined index: Content-Length in /home/shutterir/domains/iranshutterstock.ir/public_html/wp-content/plugins/msh_photo_meta/Classes/MSH_Ajax_Handler.php on line 58
[17-Jul-2016 04:00:19 UTC] PHP Notice:  Undefined index: Content-Length in /home/shutterir/domains/iranshutterstock.ir/public_html/wp-content/plugins/msh_photo_meta/Classes/MSH_Ajax_Handler.php on line 58
[17-Jul-2016 04:01:31 UTC] PHP Warning:  getimagesize(http://www.iranshutterstock.ir/sports/shutterstock_62913361.jpg): failed to open stream: HTTP request failed! HTTP/1.1 404 Not Found
 in /home/shutterir/domains/iranshutterstock.ir/public_html/wp-content/plugins/msh_photo_meta/Classes/MSH_Ajax_Handler.php on line 31
[17-Jul-2016 04:01:31 UTC] PHP Warning:  getimagesize(http://www.iranshutterstock.ir/sports/shutterstock_62913361.jpg): failed to open stream: HTTP request failed! HTTP/1.1 404 Not Found
 in /home/shutterir/domains/iranshutterstock.ir/public_html/wp-content/plugins/msh_photo_meta/Classes/MSH_Ajax_Handler.php on line 31
[17-Jul-2016 04:01:31 UTC] PHP Warning:  getimagesize(http://www.iranshutterstock.ir/sports/shutterstock_62913361.jpg): failed to open stream: HTTP request failed! HTTP/1.1 404 Not Found
 in /home/shutterir/domains/iranshutterstock.ir/public_html/wp-content/plugins/msh_photo_meta/Classes/MSH_Ajax_Handler.php on line 54
[17-Jul-2016 04:01:31 UTC] PHP Notice:  Undefined index:  in /home/shutterir/domains/iranshutterstock.ir/public_html/wp-content/plugins/msh_photo_meta/Classes/MSH_Ajax_Handler.php on line 55
[17-Jul-2016 04:01:31 UTC] PHP Warning:  getimagesize(http://www.iranshutterstock.ir/sports/shutterstock_62913361.jpg): failed to open stream: HTTP request failed! HTTP/1.1 404 Not Found
 in /home/shutterir/domains/iranshutterstock.ir/public_html/wp-content/plugins/msh_photo_meta/Classes/MSH_Ajax_Handler.php on line 54
[17-Jul-2016 04:01:31 UTC] PHP Notice:  Undefined index:  in /home/shutterir/domains/iranshutterstock.ir/public_html/wp-content/plugins/msh_photo_meta/Classes/MSH_Ajax_Handler.php on line 55
[17-Jul-2016 04:01:31 UTC] PHP Notice:  Undefined index: Content-Length in /home/shutterir/domains/iranshutterstock.ir/public_html/wp-content/plugins/msh_photo_meta/Classes/MSH_Ajax_Handler.php on line 58
[17-Jul-2016 04:01:31 UTC] PHP Notice:  Undefined index: Content-Length in /home/shutterir/domains/iranshutterstock.ir/public_html/wp-content/plugins/msh_photo_meta/Classes/MSH_Ajax_Handler.php on line 58
[17-Jul-2016 04:01:31 UTC] PHP Warning:  fopen(http://www.iranshutterstock.ir/sports/shutterstock_62913361.jpg): failed to open stream: HTTP request failed! HTTP/1.1 404 Not Found
 in /home/shutterir/domains/iranshutterstock.ir/public_html/wp-content/plugins/msh_photo_meta/admin/metabox.php on line 32
[17-Jul-2016 04:01:31 UTC] PHP Warning:  fread() expects parameter 1 to be resource, boolean given in /home/shutterir/domains/iranshutterstock.ir/public_html/wp-content/plugins/msh_photo_meta/admin/metabox.php on line 33
[17-Jul-2016 04:01:31 UTC] PHP Warning:  fclose() expects parameter 1 to be resource, boolean given in /home/shutterir/domains/iranshutterstock.ir/public_html/wp-content/plugins/msh_photo_meta/admin/metabox.php on line 34
[17-Jul-2016 04:01:32 UTC] PHP Warning:  fopen(http://www.iranshutterstock.ir/sports/shutterstock_62913361.jpg): failed to open stream: HTTP request failed! HTTP/1.1 404 Not Found
 in /home/shutterir/domains/iranshutterstock.ir/public_html/wp-content/plugins/msh_photo_meta/admin/metabox.php on line 32
[17-Jul-2016 04:01:32 UTC] PHP Warning:  fread() expects parameter 1 to be resource, boolean given in /home/shutterir/domains/iranshutterstock.ir/public_html/wp-content/plugins/msh_photo_meta/admin/metabox.php on line 33
[17-Jul-2016 04:01:32 UTC] PHP Warning:  fclose() expects parameter 1 to be resource, boolean given in /home/shutterir/domains/iranshutterstock.ir/public_html/wp-content/plugins/msh_photo_meta/admin/metabox.php on line 34
[17-Jul-2016 04:01:46 UTC] PHP Warning:  Invalid argument supplied for foreach() in /home/shutterir/domains/iranshutterstock.ir/public_html/wp-content/plugins/msh_photo_meta/libraries/vafpress-framework/classes/util/array.php on line 133
[17-Jul-2016 04:01:46 UTC] PHP Warning:  Invalid argument supplied for foreach() in /home/shutterir/domains/iranshutterstock.ir/public_html/wp-content/plugins/msh_photo_meta/libraries/vafpress-framework/classes/util/array.php on line 133
[17-Jul-2016 04:02:38 UTC] PHP Notice:  Undefined index: txt_photo_description in /home/shutterir/domains/iranshutterstock.ir/public_html/wp-content/plugins/msh_photo_meta/admin/metabox.php on line 99
[17-Jul-2016 04:02:40 UTC] PHP Fatal error:  Uncaught PHPImageWorkshop\Exception\ImageWorkshopBaseException: [3]: Can't find a font file at this path : "/home/shutterir/domains/iranshutterstock.ir/public_html/wp-content/plugins/msh_photo_meta/\admin\fonts\terran3dital.ttf".

  thrown in /home/shutterir/domains/iranshutterstock.ir/public_html/wp-content/plugins/msh_photo_meta/PHPImageWorkshop/Core/ImageWorkshopLib.php on line 140
[17-Jul-2016 04:05:17 UTC] PHP Fatal error:  Uncaught PHPImageWorkshop\Exception\ImageWorkshopBaseException: [3]: Can't find a font file at this path : "/home/shutterir/domains/iranshutterstock.ir/public_html/wp-content/plugins/msh_photo_meta/\admin\fonts\terran3dital.ttf".

  thrown in /home/shutterir/domains/iranshutterstock.ir/public_html/wp-content/plugins/msh_photo_meta/PHPImageWorkshop/Core/ImageWorkshopLib.php on line 140
[17-Jul-2016 04:08:21 UTC] PHP Warning:  getimagesize(http://www.iranshutterstock.ir/dl/http://sports/shutterstock_62913361.jpg): failed to open stream: HTTP request failed! HTTP/1.1 404 Not Found
 in /home/shutterir/domains/iranshutterstock.ir/public_html/wp-content/plugins/msh_photo_meta/admin/metabox.php on line 53
[17-Jul-2016 04:08:21 UTC] PHP Warning:  getimagesize(http://www.iranshutterstock.ir/dl/http://sports/shutterstock_62913361.jpg): failed to open stream: HTTP request failed! HTTP/1.1 404 Not Found
 in /home/shutterir/domains/iranshutterstock.ir/public_html/wp-content/plugins/msh_photo_meta/admin/metabox.php on line 76
[17-Jul-2016 04:08:21 UTC] PHP Notice:  Undefined index:  in /home/shutterir/domains/iranshutterstock.ir/public_html/wp-content/plugins/msh_photo_meta/admin/metabox.php on line 77
[17-Jul-2016 04:08:22 UTC] PHP Warning:  fopen(http://www.iranshutterstock.ir/dl/http://sports/shutterstock_62913361.jpg): failed to open stream: HTTP request failed! HTTP/1.1 404 Not Found
 in /home/shutterir/domains/iranshutterstock.ir/public_html/wp-content/plugins/msh_photo_meta/admin/metabox.php on line 32
[17-Jul-2016 04:08:22 UTC] PHP Warning:  fread() expects parameter 1 to be resource, boolean given in /home/shutterir/domains/iranshutterstock.ir/public_html/wp-content/plugins/msh_photo_meta/admin/metabox.php on line 33
[17-Jul-2016 04:08:22 UTC] PHP Warning:  fclose() expects parameter 1 to be resource, boolean given in /home/shutterir/domains/iranshutterstock.ir/public_html/wp-content/plugins/msh_photo_meta/admin/metabox.php on line 34
[17-Jul-2016 04:08:22 UTC] PHP Fatal error:  Uncaught PHPImageWorkshop\Exception\ImageWorkshopBaseException: [3]: Can't open the file at "http://www.iranshutterstock.ir/dl/http://sports/shutterstock_62913361.jpg" : file is not readable, did you check permissions (755 / 777) ?

  thrown in /home/shutterir/domains/iranshutterstock.ir/public_html/wp-content/plugins/msh_photo_meta/PHPImageWorkshop/ImageWorkshop.php on line 65
[17-Jul-2016 04:09:07 UTC] PHP Warning:  getimagesize(http://www.iranshutterstock.ir/dl/http://sports/shutterstock_62913361.jpg): failed to open stream: HTTP request failed! HTTP/1.1 404 Not Found
 in /home/shutterir/domains/iranshutterstock.ir/public_html/wp-content/plugins/msh_photo_meta/Classes/MSH_Ajax_Handler.php on line 31
[17-Jul-2016 04:09:07 UTC] PHP Warning:  getimagesize(http://www.iranshutterstock.ir/dl/http://sports/shutterstock_62913361.jpg): failed to open stream: HTTP request failed! HTTP/1.1 404 Not Found
 in /home/shutterir/domains/iranshutterstock.ir/public_html/wp-content/plugins/msh_photo_meta/Classes/MSH_Ajax_Handler.php on line 54
[17-Jul-2016 04:09:07 UTC] PHP Notice:  Undefined index:  in /home/shutterir/domains/iranshutterstock.ir/public_html/wp-content/plugins/msh_photo_meta/Classes/MSH_Ajax_Handler.php on line 55
[17-Jul-2016 04:09:07 UTC] PHP Warning:  fopen(http://www.iranshutterstock.ir/dl/http://sports/shutterstock_62913361.jpg): failed to open stream: HTTP request failed! HTTP/1.1 404 Not Found
 in /home/shutterir/domains/iranshutterstock.ir/public_html/wp-content/plugins/msh_photo_meta/admin/metabox.php on line 32
[17-Jul-2016 04:09:07 UTC] PHP Warning:  fread() expects parameter 1 to be resource, boolean given in /home/shutterir/domains/iranshutterstock.ir/public_html/wp-content/plugins/msh_photo_meta/admin/metabox.php on line 33
[17-Jul-2016 04:09:07 UTC] PHP Warning:  fclose() expects parameter 1 to be resource, boolean given in /home/shutterir/domains/iranshutterstock.ir/public_html/wp-content/plugins/msh_photo_meta/admin/metabox.php on line 34
[17-Jul-2016 04:11:01 UTC] PHP Warning:  getimagesize(http://www.iranshutterstock.ir/dl/http://sports/shutterstock_62913361.jpg): failed to open stream: HTTP request failed! HTTP/1.1 404 Not Found
 in /home/shutterir/domains/iranshutterstock.ir/public_html/wp-content/plugins/msh_photo_meta/Classes/MSH_Ajax_Handler.php on line 31
[17-Jul-2016 04:11:01 UTC] PHP Warning:  getimagesize(http://www.iranshutterstock.ir/dl/http://sports/shutterstock_62913361.jpg): failed to open stream: HTTP request failed! HTTP/1.1 404 Not Found
 in /home/shutterir/domains/iranshutterstock.ir/public_html/wp-content/plugins/msh_photo_meta/Classes/MSH_Ajax_Handler.php on line 54
[17-Jul-2016 04:11:01 UTC] PHP Notice:  Undefined index:  in /home/shutterir/domains/iranshutterstock.ir/public_html/wp-content/plugins/msh_photo_meta/Classes/MSH_Ajax_Handler.php on line 55
[17-Jul-2016 04:11:02 UTC] PHP Warning:  fopen(http://www.iranshutterstock.ir/dl/http://sports/shutterstock_62913361.jpg): failed to open stream: HTTP request failed! HTTP/1.1 404 Not Found
 in /home/shutterir/domains/iranshutterstock.ir/public_html/wp-content/plugins/msh_photo_meta/admin/metabox.php on line 32
[17-Jul-2016 04:11:02 UTC] PHP Warning:  fread() expects parameter 1 to be resource, boolean given in /home/shutterir/domains/iranshutterstock.ir/public_html/wp-content/plugins/msh_photo_meta/admin/metabox.php on line 33
[17-Jul-2016 04:11:02 UTC] PHP Warning:  fclose() expects parameter 1 to be resource, boolean given in /home/shutterir/domains/iranshutterstock.ir/public_html/wp-content/plugins/msh_photo_meta/admin/metabox.php on line 34
[17-Jul-2016 04:20:39 UTC] PHP Warning:  Invalid argument supplied for foreach() in /home/shutterir/domains/iranshutterstock.ir/public_html/wp-content/plugins/msh_photo_meta/libraries/vafpress-framework/classes/util/array.php on line 133
[17-Jul-2016 04:20:39 UTC] PHP Warning:  Invalid argument supplied for foreach() in /home/shutterir/domains/iranshutterstock.ir/public_html/wp-content/plugins/msh_photo_meta/libraries/vafpress-framework/classes/util/array.php on line 133
[17-Jul-2016 05:05:43 UTC] PHP Warning:  getimagesize(http://www.iranshutterstock.ir/dl/sorts/shutterstock_110150681.jpg): failed to open stream: HTTP request failed! HTTP/1.1 404 Not Found
 in /home/shutterir/domains/iranshutterstock.ir/public_html/wp-content/plugins/msh_photo_meta/Classes/MSH_Ajax_Handler.php on line 30
[17-Jul-2016 05:05:43 UTC] PHP Warning:  getimagesize(http://www.iranshutterstock.ir/dl/sorts/shutterstock_110150681.jpg): failed to open stream: HTTP request failed! HTTP/1.1 404 Not Found
 in /home/shutterir/domains/iranshutterstock.ir/public_html/wp-content/plugins/msh_photo_meta/Classes/MSH_Ajax_Handler.php on line 30
[17-Jul-2016 05:05:43 UTC] PHP Warning:  getimagesize(http://www.iranshutterstock.ir/dl/sorts/shutterstock_110150681.jpg): failed to open stream: HTTP request failed! HTTP/1.1 404 Not Found
 in /home/shutterir/domains/iranshutterstock.ir/public_html/wp-content/plugins/msh_photo_meta/Classes/MSH_Ajax_Handler.php on line 53
[17-Jul-2016 05:05:43 UTC] PHP Notice:  Undefined index:  in /home/shutterir/domains/iranshutterstock.ir/public_html/wp-content/plugins/msh_photo_meta/Classes/MSH_Ajax_Handler.php on line 54
[17-Jul-2016 05:05:43 UTC] PHP Warning:  getimagesize(http://www.iranshutterstock.ir/dl/sorts/shutterstock_110150681.jpg): failed to open stream: HTTP request failed! HTTP/1.1 404 Not Found
 in /home/shutterir/domains/iranshutterstock.ir/public_html/wp-content/plugins/msh_photo_meta/Classes/MSH_Ajax_Handler.php on line 53
[17-Jul-2016 05:05:43 UTC] PHP Notice:  Undefined index:  in /home/shutterir/domains/iranshutterstock.ir/public_html/wp-content/plugins/msh_photo_meta/Classes/MSH_Ajax_Handler.php on line 54
[17-Jul-2016 05:05:43 UTC] PHP Notice:  Undefined index: Content-Length in /home/shutterir/domains/iranshutterstock.ir/public_html/wp-content/plugins/msh_photo_meta/Classes/MSH_Ajax_Handler.php on line 57
[17-Jul-2016 05:05:43 UTC] PHP Notice:  Undefined index: Content-Length in /home/shutterir/domains/iranshutterstock.ir/public_html/wp-content/plugins/msh_photo_meta/Classes/MSH_Ajax_Handler.php on line 57
[17-Jul-2016 05:05:43 UTC] PHP Warning:  fopen(http://www.iranshutterstock.ir/dl/sorts/shutterstock_110150681.jpg): failed to open stream: HTTP request failed! HTTP/1.1 404 Not Found
 in /home/shutterir/domains/iranshutterstock.ir/public_html/wp-content/plugins/msh_photo_meta/admin/metabox.php on line 32
[17-Jul-2016 05:05:43 UTC] PHP Warning:  fread() expects parameter 1 to be resource, boolean given in /home/shutterir/domains/iranshutterstock.ir/public_html/wp-content/plugins/msh_photo_meta/admin/metabox.php on line 33
[17-Jul-2016 05:05:43 UTC] PHP Warning:  fclose() expects parameter 1 to be resource, boolean given in /home/shutterir/domains/iranshutterstock.ir/public_html/wp-content/plugins/msh_photo_meta/admin/metabox.php on line 34
[17-Jul-2016 05:05:43 UTC] PHP Warning:  fopen(http://www.iranshutterstock.ir/dl/sorts/shutterstock_110150681.jpg): failed to open stream: HTTP request failed! HTTP/1.1 404 Not Found
 in /home/shutterir/domains/iranshutterstock.ir/public_html/wp-content/plugins/msh_photo_meta/admin/metabox.php on line 32
[17-Jul-2016 05:05:43 UTC] PHP Warning:  fread() expects parameter 1 to be resource, boolean given in /home/shutterir/domains/iranshutterstock.ir/public_html/wp-content/plugins/msh_photo_meta/admin/metabox.php on line 33
[17-Jul-2016 05:05:43 UTC] PHP Warning:  fclose() expects parameter 1 to be resource, boolean given in /home/shutterir/domains/iranshutterstock.ir/public_html/wp-content/plugins/msh_photo_meta/admin/metabox.php on line 34
[17-Jul-2016 05:05:43 UTC] PHP Fatal error:  Uncaught PHPImageWorkshop\Exception\ImageWorkshopBaseException: [3]: Can't open the file at "http://www.iranshutterstock.ir/dl/sorts/shutterstock_110150681.jpg" : file is not readable, did you check permissions (755 / 777) ?

  thrown in /home/shutterir/domains/iranshutterstock.ir/public_html/wp-content/plugins/msh_photo_meta/PHPImageWorkshop/ImageWorkshop.php on line 65
[17-Jul-2016 05:05:43 UTC] PHP Fatal error:  Uncaught PHPImageWorkshop\Exception\ImageWorkshopBaseException: [3]: Can't open the file at "http://www.iranshutterstock.ir/dl/sorts/shutterstock_110150681.jpg" : file is not readable, did you check permissions (755 / 777) ?

  thrown in /home/shutterir/domains/iranshutterstock.ir/public_html/wp-content/plugins/msh_photo_meta/PHPImageWorkshop/ImageWorkshop.php on line 65
[17-Jul-2016 05:34:01 UTC] PHP Warning:  Invalid argument supplied for foreach() in /home/shutterir/domains/iranshutterstock.ir/public_html/wp-content/plugins/msh_photo_meta/libraries/vafpress-framework/classes/util/array.php on line 133
[17-Jul-2016 05:34:01 UTC] PHP Warning:  Invalid argument supplied for foreach() in /home/shutterir/domains/iranshutterstock.ir/public_html/wp-content/plugins/msh_photo_meta/libraries/vafpress-framework/classes/util/array.php on line 133
[17-Jul-2016 05:51:08 UTC] PHP Notice:  Undefined index:  in /home/shutterir/domains/iranshutterstock.ir/public_html/wp-content/plugins/msh_photo_meta/Classes/MSH_Ajax_Handler.php on line 54
[17-Jul-2016 05:51:08 UTC] PHP Notice:  Undefined index:  in /home/shutterir/domains/iranshutterstock.ir/public_html/wp-content/plugins/msh_photo_meta/Classes/MSH_Ajax_Handler.php on line 54
[17-Jul-2016 05:51:08 UTC] PHP Fatal error:  Uncaught PHPImageWorkshop\Exception\ImageWorkshopBaseException: [3]: Can't open the file at "http://www.iranshutterstock.ir/dl/" : file is not readable, did you check permissions (755 / 777) ?

  thrown in /home/shutterir/domains/iranshutterstock.ir/public_html/wp-content/plugins/msh_photo_meta/PHPImageWorkshop/ImageWorkshop.php on line 65
[17-Jul-2016 05:51:08 UTC] PHP Fatal error:  Uncaught PHPImageWorkshop\Exception\ImageWorkshopBaseException: [3]: Can't open the file at "http://www.iranshutterstock.ir/dl/" : file is not readable, did you check permissions (755 / 777) ?

  thrown in /home/shutterir/domains/iranshutterstock.ir/public_html/wp-content/plugins/msh_photo_meta/PHPImageWorkshop/ImageWorkshop.php on line 65
[17-Jul-2016 06:40:26 UTC] PHP Warning:  Invalid argument supplied for foreach() in /home/shutterir/domains/iranshutterstock.ir/public_html/wp-content/plugins/msh_photo_meta/libraries/vafpress-framework/classes/util/array.php on line 133
[17-Jul-2016 06:40:26 UTC] PHP Warning:  Invalid argument supplied for foreach() in /home/shutterir/domains/iranshutterstock.ir/public_html/wp-content/plugins/msh_photo_meta/libraries/vafpress-framework/classes/util/array.php on line 133
[17-Jul-2016 06:45:12 UTC] PHP Fatal error:  Class 'MSH_Vafpress' not found in /home/shutterir/domains/iranshutterstock.ir/public_html/wp-content/plugins/msh_photo_meta/msh_photo_meta.php on line 29
[17-Jul-2016 06:45:28 UTC] PHP Fatal error:  Class 'MSH_Vafpress' not found in /home/shutterir/domains/iranshutterstock.ir/public_html/wp-content/plugins/msh_photo_meta/msh_photo_meta.php on line 29
[17-Jul-2016 06:45:34 UTC] PHP Fatal error:  Class 'MSH_Vafpress' not found in /home/shutterir/domains/iranshutterstock.ir/public_html/wp-content/plugins/msh_photo_meta/msh_photo_meta.php on line 29
[17-Jul-2016 06:45:55 UTC] PHP Fatal error:  Class 'MSH_Vafpress' not found in /home/shutterir/domains/iranshutterstock.ir/public_html/wp-content/plugins/msh_photo_meta/msh_photo_meta.php on line 29
[17-Jul-2016 06:46:12 UTC] PHP Fatal error:  Class 'MSH_Vafpress' not found in /home/shutterir/domains/iranshutterstock.ir/public_html/wp-content/plugins/msh_photo_meta/msh_photo_meta.php on line 29
[17-Jul-2016 06:46:14 UTC] PHP Fatal error:  Class 'MSH_Vafpress' not found in /home/shutterir/domains/iranshutterstock.ir/public_html/wp-content/plugins/msh_photo_meta/msh_photo_meta.php on line 29
[17-Jul-2016 06:46:45 UTC] PHP Fatal error:  Class 'MSH_Vafpress' not found in /home/shutterir/domains/iranshutterstock.ir/public_html/wp-content/plugins/msh_photo_meta/msh_photo_meta.php on line 29
[17-Jul-2016 06:46:49 UTC] PHP Fatal error:  Class 'MSH_Vafpress' not found in /home/shutterir/domains/iranshutterstock.ir/public_html/wp-content/plugins/msh_photo_meta/msh_photo_meta.php on line 29
[17-Jul-2016 06:47:17 UTC] PHP Fatal error:  Class 'MSH_Vafpress' not found in /home/shutterir/domains/iranshutterstock.ir/public_html/wp-content/plugins/msh_photo_meta/msh_photo_meta.php on line 29
[17-Jul-2016 06:47:23 UTC] PHP Fatal error:  Class 'MSH_Vafpress' not found in /home/shutterir/domains/iranshutterstock.ir/public_html/wp-content/plugins/msh_photo_meta/msh_photo_meta.php on line 29
[17-Jul-2016 06:49:02 UTC] PHP Fatal error:  Class 'MSH_Vafpress' not found in /home/shutterir/domains/iranshutterstock.ir/public_html/wp-content/plugins/msh_photo_meta/msh_photo_meta.php on line 29
[17-Jul-2016 06:49:03 UTC] PHP Fatal error:  Class 'MSH_Vafpress' not found in /home/shutterir/domains/iranshutterstock.ir/public_html/wp-content/plugins/msh_photo_meta/msh_photo_meta.php on line 29
[17-Jul-2016 06:49:03 UTC] PHP Fatal error:  Class 'MSH_Vafpress' not found in /home/shutterir/domains/iranshutterstock.ir/public_html/wp-content/plugins/msh_photo_meta/msh_photo_meta.php on line 29
[17-Jul-2016 06:49:05 UTC] PHP Fatal error:  Class 'MSH_Vafpress' not found in /home/shutterir/domains/iranshutterstock.ir/public_html/wp-content/plugins/msh_photo_meta/msh_photo_meta.php on line 29
[17-Jul-2016 06:49:14 UTC] PHP Fatal error:  Class 'MSH_Vafpress' not found in /home/shutterir/domains/iranshutterstock.ir/public_html/wp-content/plugins/msh_photo_meta/msh_photo_meta.php on line 29
[17-Jul-2016 06:49:16 UTC] PHP Fatal error:  Class 'MSH_Vafpress' not found in /home/shutterir/domains/iranshutterstock.ir/public_html/wp-content/plugins/msh_photo_meta/msh_photo_meta.php on line 29
[17-Jul-2016 06:50:45 UTC] PHP Fatal error:  Class 'MSH_Vafpress' not found in /home/shutterir/domains/iranshutterstock.ir/public_html/wp-content/plugins/msh_photo_meta/msh_photo_meta.php on line 29
[17-Jul-2016 06:50:47 UTC] PHP Fatal error:  Class 'MSH_Vafpress' not found in /home/shutterir/domains/iranshutterstock.ir/public_html/wp-content/plugins/msh_photo_meta/msh_photo_meta.php on line 29
[17-Jul-2016 06:51:36 UTC] PHP Fatal error:  Class 'MSH_Vafpress' not found in /home/shutterir/domains/iranshutterstock.ir/public_html/wp-content/plugins/msh_photo_meta/msh_photo_meta.php on line 29
[17-Jul-2016 06:51:49 UTC] PHP Fatal error:  Class 'MSH_Vafpress' not found in /home/shutterir/domains/iranshutterstock.ir/public_html/wp-content/plugins/msh_photo_meta/msh_photo_meta.php on line 29
[17-Jul-2016 06:53:35 UTC] PHP Fatal error:  Class 'MSH_Vafpress' not found in /home/shutterir/domains/iranshutterstock.ir/public_html/wp-content/plugins/msh_photo_meta/msh_photo_meta.php on line 29
[17-Jul-2016 06:57:15 UTC] PHP Warning:  Invalid argument supplied for foreach() in /home/shutterir/domains/iranshutterstock.ir/public_html/wp-content/plugins/msh_photo_meta/libraries/vafpress-framework/classes/util/array.php on line 133
[17-Jul-2016 06:57:15 UTC] PHP Warning:  Invalid argument supplied for foreach() in /home/shutterir/domains/iranshutterstock.ir/public_html/wp-content/plugins/msh_photo_meta/libraries/vafpress-framework/classes/util/array.php on line 133
[17-Jul-2016 06:57:49 UTC] PHP Fatal error:  Call to undefined function wp_get_current_user() in /home/shutterir/domains/iranshutterstock.ir/public_html/wp-includes/capabilities.php on line 604
[17-Jul-2016 06:57:52 UTC] PHP Fatal error:  Call to undefined function wp_get_current_user() in /home/shutterir/domains/iranshutterstock.ir/public_html/wp-includes/capabilities.php on line 604
[17-Jul-2016 06:59:52 UTC] PHP Fatal error:  Call to undefined function wp_get_current_user() in /home/shutterir/domains/iranshutterstock.ir/public_html/wp-includes/capabilities.php on line 604
[17-Jul-2016 07:00:43 UTC] PHP Fatal error:  Call to undefined function wp_get_current_user() in /home/shutterir/domains/iranshutterstock.ir/public_html/wp-includes/capabilities.php on line 428
[17-Jul-2016 07:00:49 UTC] PHP Fatal error:  Call to undefined function wp_get_current_user() in /home/shutterir/domains/iranshutterstock.ir/public_html/wp-includes/capabilities.php on line 428
[17-Jul-2016 07:01:52 UTC] PHP Fatal error:  Call to undefined function wp_get_current_user() in /home/shutterir/domains/iranshutterstock.ir/public_html/wp-includes/capabilities.php on line 428
[17-Jul-2016 07:03:52 UTC] PHP Fatal error:  Call to undefined function wp_get_current_user() in /home/shutterir/domains/iranshutterstock.ir/public_html/wp-includes/capabilities.php on line 428
[17-Jul-2016 07:04:17 UTC] PHP Warning:  Invalid argument supplied for foreach() in /home/shutterir/domains/iranshutterstock.ir/public_html/wp-content/plugins/msh_photo_meta/libraries/vafpress-framework/classes/util/array.php on line 133
[17-Jul-2016 07:04:17 UTC] PHP Warning:  Invalid argument supplied for foreach() in /home/shutterir/domains/iranshutterstock.ir/public_html/wp-content/plugins/msh_photo_meta/libraries/vafpress-framework/classes/util/array.php on line 133
[17-Jul-2016 07:06:30 UTC] PHP Warning:  getimagesize(http://www.iranshutterstock.ir/dl/shutterstock_52905796.jpg): failed to open stream: HTTP request failed! HTTP/1.1 404 Not Found
 in /home/shutterir/domains/iranshutterstock.ir/public_html/wp-content/plugins/msh_photo_meta/Classes/MSH_Ajax_Handler.php on line 30
[17-Jul-2016 07:06:30 UTC] PHP Warning:  getimagesize(http://www.iranshutterstock.ir/dl/shutterstock_52905796.jpg): failed to open stream: HTTP request failed! HTTP/1.1 404 Not Found
 in /home/shutterir/domains/iranshutterstock.ir/public_html/wp-content/plugins/msh_photo_meta/Classes/MSH_Ajax_Handler.php on line 53
[17-Jul-2016 07:06:30 UTC] PHP Notice:  Undefined index:  in /home/shutterir/domains/iranshutterstock.ir/public_html/wp-content/plugins/msh_photo_meta/Classes/MSH_Ajax_Handler.php on line 54
[17-Jul-2016 07:06:30 UTC] PHP Notice:  Undefined index: Content-Length in /home/shutterir/domains/iranshutterstock.ir/public_html/wp-content/plugins/msh_photo_meta/Classes/MSH_Ajax_Handler.php on line 57
[17-Jul-2016 07:06:30 UTC] PHP Warning:  fopen(http://www.iranshutterstock.ir/dl/shutterstock_52905796.jpg): failed to open stream: HTTP request failed! HTTP/1.1 404 Not Found
 in /home/shutterir/domains/iranshutterstock.ir/public_html/wp-content/plugins/msh_photo_meta/admin/metabox.php on line 25
[17-Jul-2016 07:06:30 UTC] PHP Warning:  fread() expects parameter 1 to be resource, boolean given in /home/shutterir/domains/iranshutterstock.ir/public_html/wp-content/plugins/msh_photo_meta/admin/metabox.php on line 26
[17-Jul-2016 07:06:30 UTC] PHP Warning:  fclose() expects parameter 1 to be resource, boolean given in /home/shutterir/domains/iranshutterstock.ir/public_html/wp-content/plugins/msh_photo_meta/admin/metabox.php on line 27
[17-Jul-2016 07:06:31 UTC] PHP Fatal error:  Uncaught PHPImageWorkshop\Exception\ImageWorkshopBaseException: [3]: Can't open the file at "http://www.iranshutterstock.ir/dl/shutterstock_52905796.jpg" : file is not readable, did you check permissions (755 / 777) ?

  thrown in /home/shutterir/domains/iranshutterstock.ir/public_html/wp-content/plugins/msh_photo_meta/PHPImageWorkshop/ImageWorkshop.php on line 65
[17-Jul-2016 07:15:02 UTC] PHP Warning:  getimagesize(http://www.iranshutterstock.ir/dl/sports/sports/shutterstock_51625831.jpg): failed to open stream: HTTP request failed! HTTP/1.1 404 Not Found
 in /home/shutterir/domains/iranshutterstock.ir/public_html/wp-content/plugins/msh_photo_meta/Classes/MSH_Ajax_Handler.php on line 30
[17-Jul-2016 07:15:02 UTC] PHP Warning:  getimagesize(http://www.iranshutterstock.ir/dl/sports/sports/shutterstock_51625831.jpg): failed to open stream: HTTP request failed! HTTP/1.1 404 Not Found
 in /home/shutterir/domains/iranshutterstock.ir/public_html/wp-content/plugins/msh_photo_meta/Classes/MSH_Ajax_Handler.php on line 53
[17-Jul-2016 07:15:02 UTC] PHP Notice:  Undefined index:  in /home/shutterir/domains/iranshutterstock.ir/public_html/wp-content/plugins/msh_photo_meta/Classes/MSH_Ajax_Handler.php on line 54
[17-Jul-2016 07:15:02 UTC] PHP Notice:  Undefined index: Content-Length in /home/shutterir/domains/iranshutterstock.ir/public_html/wp-content/plugins/msh_photo_meta/Classes/MSH_Ajax_Handler.php on line 57
[17-Jul-2016 07:15:02 UTC] PHP Warning:  fopen(http://www.iranshutterstock.ir/dl/sports/sports/shutterstock_51625831.jpg): failed to open stream: HTTP request failed! HTTP/1.1 404 Not Found
 in /home/shutterir/domains/iranshutterstock.ir/public_html/wp-content/plugins/msh_photo_meta/admin/metabox.php on line 25
[17-Jul-2016 07:15:02 UTC] PHP Warning:  fread() expects parameter 1 to be resource, boolean given in /home/shutterir/domains/iranshutterstock.ir/public_html/wp-content/plugins/msh_photo_meta/admin/metabox.php on line 26
[17-Jul-2016 07:15:02 UTC] PHP Warning:  fclose() expects parameter 1 to be resource, boolean given in /home/shutterir/domains/iranshutterstock.ir/public_html/wp-content/plugins/msh_photo_meta/admin/metabox.php on line 27
[17-Jul-2016 07:15:02 UTC] PHP Fatal error:  Uncaught PHPImageWorkshop\Exception\ImageWorkshopBaseException: [3]: Can't open the file at "http://www.iranshutterstock.ir/dl/sports/sports/shutterstock_51625831.jpg" : file is not readable, did you check permissions (755 / 777) ?

  thrown in /home/shutterir/domains/iranshutterstock.ir/public_html/wp-content/plugins/msh_photo_meta/PHPImageWorkshop/ImageWorkshop.php on line 65
[17-Jul-2016 07:21:11 UTC] PHP Notice:  Undefined index:  in /home/shutterir/domains/iranshutterstock.ir/public_html/wp-content/plugins/msh_photo_meta/Classes/MSH_Ajax_Handler.php on line 54
[17-Jul-2016 07:21:11 UTC] PHP Fatal error:  Uncaught PHPImageWorkshop\Exception\ImageWorkshopBaseException: [3]: Can't open the file at "http://www.iranshutterstock.ir/dl/" : file is not readable, did you check permissions (755 / 777) ?

  thrown in /home/shutterir/domains/iranshutterstock.ir/public_html/wp-content/plugins/msh_photo_meta/PHPImageWorkshop/ImageWorkshop.php on line 65
[17-Jul-2016 07:34:38 UTC] PHP Notice:  Undefined index:  in /home/shutterir/domains/iranshutterstock.ir/public_html/wp-content/plugins/msh_photo_meta/Classes/MSH_Ajax_Handler.php on line 58
[17-Jul-2016 07:34:38 UTC] PHP Fatal error:  Uncaught PHPImageWorkshop\Exception\ImageWorkshopBaseException: [3]: Can't open the file at "http://www.iranshutterstock.ir/dl/" : file is not readable, did you check permissions (755 / 777) ?

  thrown in /home/shutterir/domains/iranshutterstock.ir/public_html/wp-content/plugins/msh_photo_meta/PHPImageWorkshop/ImageWorkshop.php on line 65
[17-Jul-2016 08:05:11 UTC] PHP Warning:  getimagesize(http://www.iranshutterstock.ir/dl/shutterstock_52905796.jpg): failed to open stream: HTTP request failed! HTTP/1.1 404 Not Found
 in /home/shutterir/domains/iranshutterstock.ir/public_html/wp-content/plugins/msh_photo_meta/Classes/MSH_Ajax_Handler.php on line 34
[17-Jul-2016 08:05:11 UTC] PHP Warning:  getimagesize(http://www.iranshutterstock.ir/dl/shutterstock_52905796.jpg): failed to open stream: HTTP request failed! HTTP/1.1 404 Not Found
 in /home/shutterir/domains/iranshutterstock.ir/public_html/wp-content/plugins/msh_photo_meta/Classes/MSH_Ajax_Handler.php on line 57
[17-Jul-2016 08:05:11 UTC] PHP Notice:  Undefined index:  in /home/shutterir/domains/iranshutterstock.ir/public_html/wp-content/plugins/msh_photo_meta/Classes/MSH_Ajax_Handler.php on line 58
[17-Jul-2016 08:05:11 UTC] PHP Notice:  Undefined index: Content-Length in /home/shutterir/domains/iranshutterstock.ir/public_html/wp-content/plugins/msh_photo_meta/Classes/MSH_Ajax_Handler.php on line 61
[17-Jul-2016 08:05:11 UTC] PHP Warning:  fopen(http://www.iranshutterstock.ir/dl/shutterstock_52905796.jpg): failed to open stream: HTTP request failed! HTTP/1.1 404 Not Found
 in /home/shutterir/domains/iranshutterstock.ir/public_html/wp-content/plugins/msh_photo_meta/admin/metabox.php on line 25
[17-Jul-2016 08:05:11 UTC] PHP Warning:  fread() expects parameter 1 to be resource, boolean given in /home/shutterir/domains/iranshutterstock.ir/public_html/wp-content/plugins/msh_photo_meta/admin/metabox.php on line 26
[17-Jul-2016 08:05:11 UTC] PHP Warning:  fclose() expects parameter 1 to be resource, boolean given in /home/shutterir/domains/iranshutterstock.ir/public_html/wp-content/plugins/msh_photo_meta/admin/metabox.php on line 27
[17-Jul-2016 08:05:11 UTC] PHP Fatal error:  Uncaught PHPImageWorkshop\Exception\ImageWorkshopBaseException: [3]: Can't open the file at "http://www.iranshutterstock.ir/dl/shutterstock_52905796.jpg" : file is not readable, did you check permissions (755 / 777) ?

  thrown in /home/shutterir/domains/iranshutterstock.ir/public_html/wp-content/plugins/msh_photo_meta/PHPImageWorkshop/ImageWorkshop.php on line 65
[17-Jul-2016 09:31:02 UTC] PHP Notice:  Undefined index:  in /home/shutterir/domains/iranshutterstock.ir/public_html/wp-content/plugins/msh_photo_meta/Classes/MSH_Ajax_Handler.php on line 58
[17-Jul-2016 09:31:02 UTC] PHP Fatal error:  Uncaught PHPImageWorkshop\Exception\ImageWorkshopBaseException: [3]: Can't open the file at "http://www.iranshutterstock.ir/dl/" : file is not readable, did you check permissions (755 / 777) ?

  thrown in /home/shutterir/domains/iranshutterstock.ir/public_html/wp-content/plugins/msh_photo_meta/PHPImageWorkshop/ImageWorkshop.php on line 65
[17-Jul-2016 09:31:05 UTC] PHP Notice:  Undefined index:  in /home/shutterir/domains/iranshutterstock.ir/public_html/wp-content/plugins/msh_photo_meta/Classes/MSH_Ajax_Handler.php on line 58
[17-Jul-2016 09:31:05 UTC] PHP Fatal error:  Uncaught PHPImageWorkshop\Exception\ImageWorkshopBaseException: [3]: Can't open the file at "http://www.iranshutterstock.ir/dl/" : file is not readable, did you check permissions (755 / 777) ?

  thrown in /home/shutterir/domains/iranshutterstock.ir/public_html/wp-content/plugins/msh_photo_meta/PHPImageWorkshop/ImageWorkshop.php on line 65
[17-Jul-2016 11:50:33 UTC] PHP Warning:  Invalid argument supplied for foreach() in /home/shutterir/domains/iranshutterstock.ir/public_html/wp-content/plugins/msh_photo_meta/libraries/vafpress-framework/classes/util/array.php on line 133
[17-Jul-2016 11:50:33 UTC] PHP Warning:  Invalid argument supplied for foreach() in /home/shutterir/domains/iranshutterstock.ir/public_html/wp-content/plugins/msh_photo_meta/libraries/vafpress-framework/classes/util/array.php on line 133
[17-Jul-2016 11:59:16 UTC] PHP Warning:  Invalid argument supplied for foreach() in /home/shutterir/domains/iranshutterstock.ir/public_html/wp-content/plugins/msh_photo_meta/libraries/vafpress-framework/classes/util/array.php on line 133
[17-Jul-2016 11:59:16 UTC] PHP Warning:  Invalid argument supplied for foreach() in /home/shutterir/domains/iranshutterstock.ir/public_html/wp-content/plugins/msh_photo_meta/libraries/vafpress-framework/classes/util/array.php on line 133
[17-Jul-2016 16:13:22 UTC] PHP Notice:  Undefined index: tie_hide_meta in /home/shutterir/domains/iranshutterstock.ir/public_html/wp-content/themes/sahifa/framework/parts/meta-post.php on line 3
[17-Jul-2016 18:29:53 UTC] PHP Parse error:  syntax error, unexpected '.' in /home/shutterir/domains/iranshutterstock.ir/public_html/wp-content/themes/sahifa/single.php on line 81
[17-Jul-2016 18:30:30 UTC] PHP Parse error:  syntax error, unexpected ''</p>'' (T_CONSTANT_ENCAPSED_STRING) in /home/shutterir/domains/iranshutterstock.ir/public_html/wp-content/themes/sahifa/single.php on line 81
[17-Jul-2016 19:32:48 UTC] PHP Warning:  Invalid argument supplied for foreach() in /home/shutterir/domains/iranshutterstock.ir/public_html/wp-content/plugins/msh_photo_meta/libraries/vafpress-framework/classes/util/array.php on line 133
[17-Jul-2016 19:32:48 UTC] PHP Warning:  Invalid argument supplied for foreach() in /home/shutterir/domains/iranshutterstock.ir/public_html/wp-content/plugins/msh_photo_meta/libraries/vafpress-framework/classes/util/array.php on line 133
[17-Jul-2016 20:01:00 UTC] PHP Notice:  Undefined index: img in /home/shutterir/domains/iranshutterstock.ir/public_html/wp-content/themes/sahifa/framework/admin/framework-options.php on line 163
[17-Jul-2016 20:01:00 UTC] PHP Notice:  Undefined index: repeat in /home/shutterir/domains/iranshutterstock.ir/public_html/wp-content/themes/sahifa/framework/admin/framework-options.php on line 171
[17-Jul-2016 20:01:00 UTC] PHP Notice:  Undefined index: repeat in /home/shutterir/domains/iranshutterstock.ir/public_html/wp-content/themes/sahifa/framework/admin/framework-options.php on line 172
[17-Jul-2016 20:01:00 UTC] PHP Notice:  Undefined index: repeat in /home/shutterir/domains/iranshutterstock.ir/public_html/wp-content/themes/sahifa/framework/admin/framework-options.php on line 173
[17-Jul-2016 20:01:00 UTC] PHP Notice:  Undefined index: repeat in /home/shutterir/domains/iranshutterstock.ir/public_html/wp-content/themes/sahifa/framework/admin/framework-options.php on line 174
[17-Jul-2016 20:01:00 UTC] PHP Notice:  Undefined index: repeat in /home/shutterir/domains/iranshutterstock.ir/public_html/wp-content/themes/sahifa/framework/admin/framework-options.php on line 175
[17-Jul-2016 20:01:00 UTC] PHP Notice:  Undefined index: attachment in /home/shutterir/domains/iranshutterstock.ir/public_html/wp-content/themes/sahifa/framework/admin/framework-options.php on line 179
[17-Jul-2016 20:01:00 UTC] PHP Notice:  Undefined index: attachment in /home/shutterir/domains/iranshutterstock.ir/public_html/wp-content/themes/sahifa/framework/admin/framework-options.php on line 180
[17-Jul-2016 20:01:00 UTC] PHP Notice:  Undefined index: attachment in /home/shutterir/domains/iranshutterstock.ir/public_html/wp-content/themes/sahifa/framework/admin/framework-options.php on line 181
[17-Jul-2016 20:01:00 UTC] PHP Notice:  Undefined index: hor in /home/shutterir/domains/iranshutterstock.ir/public_html/wp-content/themes/sahifa/framework/admin/framework-options.php on line 185
[17-Jul-2016 20:01:00 UTC] PHP Notice:  Undefined index: hor in /home/shutterir/domains/iranshutterstock.ir/public_html/wp-content/themes/sahifa/framework/admin/framework-options.php on line 186
[17-Jul-2016 20:01:00 UTC] PHP Notice:  Undefined index: hor in /home/shutterir/domains/iranshutterstock.ir/public_html/wp-content/themes/sahifa/framework/admin/framework-options.php on line 187
[17-Jul-2016 20:01:00 UTC] PHP Notice:  Undefined index: hor in /home/shutterir/domains/iranshutterstock.ir/public_html/wp-content/themes/sahifa/framework/admin/framework-options.php on line 188
[17-Jul-2016 20:01:00 UTC] PHP Notice:  Undefined index: ver in /home/shutterir/domains/iranshutterstock.ir/public_html/wp-content/themes/sahifa/framework/admin/framework-options.php on line 192
[17-Jul-2016 20:01:00 UTC] PHP Notice:  Undefined index: ver in /home/shutterir/domains/iranshutterstock.ir/public_html/wp-content/themes/sahifa/framework/admin/framework-options.php on line 193
[17-Jul-2016 20:01:00 UTC] PHP Notice:  Undefined index: ver in /home/shutterir/domains/iranshutterstock.ir/public_html/wp-content/themes/sahifa/framework/admin/framework-options.php on line 194
[17-Jul-2016 20:01:00 UTC] PHP Notice:  Undefined index: ver in /home/shutterir/domains/iranshutterstock.ir/public_html/wp-content/themes/sahifa/framework/admin/framework-options.php on line 195
[17-Jul-2016 20:01:00 UTC] PHP Notice:  Undefined index: img in /home/shutterir/domains/iranshutterstock.ir/public_html/wp-content/themes/sahifa/framework/admin/framework-options.php on line 199
[17-Jul-2016 20:01:00 UTC] PHP Notice:  Undefined index: img in /home/shutterir/domains/iranshutterstock.ir/public_html/wp-content/themes/sahifa/framework/admin/framework-options.php on line 200
[17-Jul-2016 22:46:48 UTC] PHP Notice:  Undefined index: username in /home/shutterir/domains/iranshutterstock.ir/public_html/wp-content/themes/sahifa/framework/widgets/widget-twitter.php on line 169
[17-Jul-2016 22:46:48 UTC] PHP Notice:  Undefined index: consumer_key in /home/shutterir/domains/iranshutterstock.ir/public_html/wp-content/themes/sahifa/framework/widgets/widget-twitter.php on line 173
[17-Jul-2016 22:46:48 UTC] PHP Notice:  Undefined index: consumer_secret in /home/shutterir/domains/iranshutterstock.ir/public_html/wp-content/themes/sahifa/framework/widgets/widget-twitter.php on line 176
[17-Jul-2016 22:53:55 UTC] PHP Notice:  Undefined index: username in /home/shutterir/domains/iranshutterstock.ir/public_html/wp-content/themes/sahifa/framework/widgets/widget-twitter.php on line 169
[17-Jul-2016 22:53:55 UTC] PHP Notice:  Undefined index: consumer_key in /home/shutterir/domains/iranshutterstock.ir/public_html/wp-content/themes/sahifa/framework/widgets/widget-twitter.php on line 173
[17-Jul-2016 22:53:55 UTC] PHP Notice:  Undefined index: consumer_secret in /home/shutterir/domains/iranshutterstock.ir/public_html/wp-content/themes/sahifa/framework/widgets/widget-twitter.php on line 176
[17-Jul-2016 22:54:00 UTC] PHP Notice:  Undefined index: username in /home/shutterir/domains/iranshutterstock.ir/public_html/wp-content/themes/sahifa/framework/widgets/widget-twitter.php on line 169
[17-Jul-2016 22:54:00 UTC] PHP Notice:  Undefined index: consumer_key in /home/shutterir/domains/iranshutterstock.ir/public_html/wp-content/themes/sahifa/framework/widgets/widget-twitter.php on line 173
[17-Jul-2016 22:54:00 UTC] PHP Notice:  Undefined index: consumer_secret in /home/shutterir/domains/iranshutterstock.ir/public_html/wp-content/themes/sahifa/framework/widgets/widget-twitter.php on line 176
[17-Jul-2016 22:55:43 UTC] PHP Notice:  Undefined index: username in /home/shutterir/domains/iranshutterstock.ir/public_html/wp-content/themes/sahifa/framework/widgets/widget-twitter.php on line 169
[17-Jul-2016 22:55:43 UTC] PHP Notice:  Undefined index: consumer_key in /home/shutterir/domains/iranshutterstock.ir/public_html/wp-content/themes/sahifa/framework/widgets/widget-twitter.php on line 173
[17-Jul-2016 22:55:43 UTC] PHP Notice:  Undefined index: consumer_secret in /home/shutterir/domains/iranshutterstock.ir/public_html/wp-content/themes/sahifa/framework/widgets/widget-twitter.php on line 176
[17-Jul-2016 22:55:47 UTC] PHP Notice:  Undefined index: username in /home/shutterir/domains/iranshutterstock.ir/public_html/wp-content/themes/sahifa/framework/widgets/widget-twitter.php on line 169
[17-Jul-2016 22:55:47 UTC] PHP Notice:  Undefined index: consumer_key in /home/shutterir/domains/iranshutterstock.ir/public_html/wp-content/themes/sahifa/framework/widgets/widget-twitter.php on line 173
[17-Jul-2016 22:55:47 UTC] PHP Notice:  Undefined index: consumer_secret in /home/shutterir/domains/iranshutterstock.ir/public_html/wp-content/themes/sahifa/framework/widgets/widget-twitter.php on line 176
[17-Jul-2016 22:55:47 UTC] PHP Notice:  Undefined index: username in /home/shutterir/domains/iranshutterstock.ir/public_html/wp-content/themes/sahifa/framework/widgets/widget-twitter.php on line 169
[17-Jul-2016 22:55:47 UTC] PHP Notice:  Undefined index: consumer_key in /home/shutterir/domains/iranshutterstock.ir/public_html/wp-content/themes/sahifa/framework/widgets/widget-twitter.php on line 173
[17-Jul-2016 22:55:47 UTC] PHP Notice:  Undefined index: consumer_secret in /home/shutterir/domains/iranshutterstock.ir/public_html/wp-content/themes/sahifa/framework/widgets/widget-twitter.php on line 176
[17-Jul-2016 23:18:30 UTC] PHP Notice:  Undefined index: username in /home/shutterir/domains/iranshutterstock.ir/public_html/wp-content/themes/sahifa/framework/widgets/widget-twitter.php on line 169
[17-Jul-2016 23:18:30 UTC] PHP Notice:  Undefined index: consumer_key in /home/shutterir/domains/iranshutterstock.ir/public_html/wp-content/themes/sahifa/framework/widgets/widget-twitter.php on line 173
[17-Jul-2016 23:18:30 UTC] PHP Notice:  Undefined index: consumer_secret in /home/shutterir/domains/iranshutterstock.ir/public_html/wp-content/themes/sahifa/framework/widgets/widget-twitter.php on line 176
[18-Jul-2016 00:34:56 UTC] PHP Notice:  Undefined index: username in /home/shutterir/domains/iranshutterstock.ir/public_html/wp-content/themes/sahifa/framework/widgets/widget-twitter.php on line 169
[18-Jul-2016 00:34:56 UTC] PHP Notice:  Undefined index: consumer_key in /home/shutterir/domains/iranshutterstock.ir/public_html/wp-content/themes/sahifa/framework/widgets/widget-twitter.php on line 173
[18-Jul-2016 00:34:56 UTC] PHP Notice:  Undefined index: consumer_secret in /home/shutterir/domains/iranshutterstock.ir/public_html/wp-content/themes/sahifa/framework/widgets/widget-twitter.php on line 176
[18-Jul-2016 04:07:23 UTC] PHP Warning:  getimagesize(http://www.iranshutterstock.ir/dl/shutterstock_51625831.jpg): failed to open stream: HTTP request failed! HTTP/1.1 404 Not Found
 in /home/shutterir/domains/iranshutterstock.ir/public_html/wp-content/plugins/msh_photo_meta/Classes/MSH_Ajax_Handler.php on line 34
[18-Jul-2016 04:07:23 UTC] PHP Warning:  getimagesize(http://www.iranshutterstock.ir/dl/shutterstock_51625831.jpg): failed to open stream: HTTP request failed! HTTP/1.1 404 Not Found
 in /home/shutterir/domains/iranshutterstock.ir/public_html/wp-content/plugins/msh_photo_meta/Classes/MSH_Ajax_Handler.php on line 57
[18-Jul-2016 04:07:23 UTC] PHP Notice:  Undefined index:  in /home/shutterir/domains/iranshutterstock.ir/public_html/wp-content/plugins/msh_photo_meta/Classes/MSH_Ajax_Handler.php on line 58
[18-Jul-2016 04:07:24 UTC] PHP Warning:  fopen(http://www.iranshutterstock.ir/dl/shutterstock_51625831.jpg): failed to open stream: HTTP request failed! HTTP/1.1 404 Not Found
 in /home/shutterir/domains/iranshutterstock.ir/public_html/wp-content/plugins/msh_photo_meta/admin/metabox.php on line 25
[18-Jul-2016 04:07:24 UTC] PHP Warning:  fread() expects parameter 1 to be resource, boolean given in /home/shutterir/domains/iranshutterstock.ir/public_html/wp-content/plugins/msh_photo_meta/admin/metabox.php on line 26
[18-Jul-2016 04:07:24 UTC] PHP Warning:  fclose() expects parameter 1 to be resource, boolean given in /home/shutterir/domains/iranshutterstock.ir/public_html/wp-content/plugins/msh_photo_meta/admin/metabox.php on line 27
[18-Jul-2016 04:07:24 UTC] PHP Fatal error:  Uncaught PHPImageWorkshop\Exception\ImageWorkshopBaseException: [3]: Can't open the file at "http://www.iranshutterstock.ir/dl/shutterstock_51625831.jpg" : file is not readable, did you check permissions (755 / 777) ?

  thrown in /home/shutterir/domains/iranshutterstock.ir/public_html/wp-content/plugins/msh_photo_meta/PHPImageWorkshop/ImageWorkshop.php on line 65
